<?xml version="1.0" encoding="utf-8"?><testsuites name="pytest tests"><testsuite name="pytest" errors="0" failures="0" skipped="0" tests="30" time="8.949" timestamp="2026-05-04T23:26:33.312090+00:00" hostname="agent-env-120b8d36-9587-4d76-97fd-81cba4761d30"><testcase classname="backend.tests.test_refactor_smoke.TestAuth" name="test_admin_login" time="0.534" /><testcase classname="backend.tests.test_refactor_smoke.TestAuth" name="test_cashier_login" time="0.583" /><testcase classname="backend.tests.test_refactor_smoke.TestAuth" name="test_waiter_login" time="0.779" /><testcase classname="backend.tests.test_refactor_smoke.TestAuth" name="test_invalid_pincode" time="1.219" /><testcase classname="backend.tests.test_refactor_smoke.TestSettings" name="test_get_settings" time="0.480" /><testcase classname="backend.tests.test_refactor_smoke.TestSettings" name="test_put_settings_admin" time="0.221" /><testcase classname="backend.tests.test_refactor_smoke.TestSettings" name="test_put_settings_requires_admin" time="0.706" /><testcase classname="backend.tests.test_refactor_smoke.TestUsers" name="test_get_users_admin" time="0.104" /><testcase classname="backend.tests.test_refactor_smoke.TestUsers" name="test_get_users_non_admin" time="0.148" /><testcase classname="backend.tests.test_refactor_smoke.TestUsers" name="test_create_user_admin" time="1.563" /><testcase classname="backend.tests.test_refactor_smoke.TestCoreCollections" name="test_get_products" time="0.117" /><testcase classname="backend.tests.test_refactor_smoke.TestCoreCollections" name="test_get_tables" time="0.120" /><testcase classname="backend.tests.test_refactor_smoke.TestCoreCollections" name="test_get_orders" time="0.167" /><testcase classname="backend.tests.test_refactor_smoke.TestCoreCollections" name="test_get_held_orders" time="0.118" /><testcase classname="backend.tests.test_refactor_smoke.TestPurchasing" name="test_get_suppliers_admin" time="0.135" /><testcase classname="backend.tests.test_refactor_smoke.TestPurchasing" name="test_get_purchase_orders" time="0.137" /><testcase classname="backend.tests.test_refactor_smoke.TestPurchasing" name="test_get_expenses" time="0.106" /><testcase classname="backend.tests.test_refactor_smoke.TestReports" name="test_accounts_summary" time="0.125" /><testcase classname="backend.tests.test_refactor_smoke.TestReports" name="test_sales_report" time="0.101" /><testcase classname="backend.tests.test_refactor_smoke.TestReports" name="test_cost_report" time="0.103" /><testcase classname="backend.tests.test_refactor_smoke.TestReports" name="test_staff_report" time="0.126" /><testcase classname="backend.tests.test_refactor_smoke.TestReports" name="test_payment_methods_report" time="0.160" /><testcase classname="backend.tests.test_refactor_smoke.TestReports" name="test_analytics_dashboard" time="0.118" /><testcase classname="backend.tests.test_refactor_smoke.TestDisplay" name="test_display_current" time="0.125" /><testcase classname="backend.tests.test_refactor_smoke.TestDisplay" name="test_display_update" time="0.122" /><testcase classname="backend.tests.test_refactor_smoke.TestMisc" name="test_peripherals" time="0.105" /><testcase classname="backend.tests.test_refactor_smoke.TestMisc" name="test_currencies" time="0.117" /><testcase classname="backend.tests.test_refactor_smoke.TestMisc" name="test_payment_types" time="0.116" /><testcase classname="backend.tests.test_refactor_smoke.TestMisc" name="test_printers_admin" time="0.118" /><testcase classname="backend.tests.test_refactor_smoke.TestMisc" name="test_printers_assigned" time="0.136" /></testsuite></testsuites>