<?xml version="1.0" encoding="utf-8"?><testsuites name="pytest tests"><testsuite name="pytest" errors="0" failures="0" skipped="0" tests="19" time="15.514" timestamp="2026-05-06T14:01:33.058208+00:00" hostname="agent-env-120b8d36-9587-4d76-97fd-81cba4761d30"><testcase classname="tests.test_iter9_regression.TestAuth" name="test_login_admin" time="0.667" /><testcase classname="tests.test_iter9_regression.TestAuth" name="test_login_cashier" time="0.712" /><testcase classname="tests.test_iter9_regression.TestAuth" name="test_login_waiter" time="1.234" /><testcase classname="tests.test_iter9_regression.TestAuth" name="test_login_invalid" time="1.383" /><testcase classname="tests.test_iter9_regression.TestAuth" name="test_auth_me" time="1.078" /><testcase classname="tests.test_iter9_regression.TestTerminals" name="test_terminals_crud" time="1.451" /><testcase classname="tests.test_iter9_regression.TestProductsRelationships" name="test_create_product_with_relationships" time="2.109" /><testcase classname="tests.test_iter9_regression.TestCSV" name="test_export_products_csv_columns" time="0.255" /><testcase classname="tests.test_iter9_regression.TestCSV" name="test_export_stock_csv" time="0.139" /><testcase classname="tests.test_iter9_regression.TestCSV" name="test_import_products_csv" time="0.585" /><testcase classname="tests.test_iter9_regression.TestHeldOrders" name="test_held_complete_flow" time="2.334" /><testcase classname="tests.test_iter9_regression.TestUserTypes" name="test_user_types_crud" time="0.641" /><testcase classname="tests.test_iter9_regression.TestUserTypes" name="test_user_types_non_admin_forbidden" time="0.718" /><testcase classname="tests.test_iter9_regression.TestReports" name="test_reports_endpoints" time="0.695" /><testcase classname="tests.test_iter9_regression.TestSettingsResources" name="test_settings" time="0.139" /><testcase classname="tests.test_iter9_regression.TestSettingsResources" name="test_currencies" time="0.150" /><testcase classname="tests.test_iter9_regression.TestSettingsResources" name="test_payment_types" time="0.195" /><testcase classname="tests.test_iter9_regression.TestSettingsResources" name="test_printer_groups" time="0.550" /><testcase classname="tests.test_iter9_regression.TestSettingsResources" name="test_label_printers" time="0.291" /></testsuite></testsuites>