<?xml version="1.0" encoding="utf-8"?><testsuites name="pytest tests"><testsuite name="pytest" errors="0" failures="3" skipped="4" tests="28" time="5.938" timestamp="2026-04-14T11:37:27.339646+00:00" hostname="agent-env-120b8d36-9587-4d76-97fd-81cba4761d30"><testcase classname="backend.tests.test_new_features.TestRegistration" name="test_register_already_registered" time="0.356" /><testcase classname="backend.tests.test_new_features.TestFileUpload" name="test_upload_image" time="0.672" /><testcase classname="backend.tests.test_new_features.TestFileUpload" name="test_upload_invalid_file_type" time="0.101" /><testcase classname="backend.tests.test_new_features.TestEnhancedReports" name="test_cost_report" time="0.193" /><testcase classname="backend.tests.test_new_features.TestEnhancedReports" name="test_staff_report" time="0.107" /><testcase classname="backend.tests.test_new_features.TestEnhancedReports" name="test_payment_methods_report" time="0.111" /><testcase classname="backend.tests.test_new_features.TestEnhancedReports" name="test_sales_report" time="0.103" /><testcase classname="backend.tests.test_new_features.TestPurchaseOrders" name="test_get_suppliers_for_po" time="0.109" /><testcase classname="backend.tests.test_new_features.TestPurchaseOrders" name="test_create_purchase_order" time="0.253"><failure message="AssertionError: Create PO failed: Internal Server Error&#10;assert 500 == 200&#10; +  where 500 = &lt;Response [500]&gt;.status_code">backend/tests/test_new_features.py:188: in test_create_purchase_order
    assert response.status_code == 200, f"Create PO failed: {response.text}"
E   AssertionError: Create PO failed: Internal Server Error
E   assert 500 == 200
E    +  where 500 = &lt;Response [500]&gt;.status_code</failure></testcase><testcase classname="backend.tests.test_new_features.TestPurchaseOrders" name="test_get_purchase_orders" time="0.140" /><testcase classname="backend.tests.test_new_features.TestPurchaseOrders" name="test_update_purchase_order_status" time="0.000"><skipped type="pytest.skip" message="No PO created">/app/backend/tests/test_new_features.py:210: No PO created</skipped></testcase><testcase classname="backend.tests.test_new_features.TestPurchaseOrders" name="test_mark_purchase_order_received" time="0.000"><skipped type="pytest.skip" message="No PO created">/app/backend/tests/test_new_features.py:225: No PO created</skipped></testcase><testcase classname="backend.tests.test_new_features.TestPurchaseOrders" name="test_delete_purchase_order" time="0.000"><skipped type="pytest.skip" message="No PO created">/app/backend/tests/test_new_features.py:240: No PO created</skipped></testcase><testcase classname="backend.tests.test_new_features.TestPeripherals" name="test_create_peripheral" time="0.128"><failure message="AssertionError: Create peripheral failed: Internal Server Error&#10;assert 500 == 200&#10; +  where 500 = &lt;Response [500]&gt;.status_code">backend/tests/test_new_features.py:263: in test_create_peripheral
    assert response.status_code == 200, f"Create peripheral failed: {response.text}"
E   AssertionError: Create peripheral failed: Internal Server Error
E   assert 500 == 200
E    +  where 500 = &lt;Response [500]&gt;.status_code</failure></testcase><testcase classname="backend.tests.test_new_features.TestPeripherals" name="test_create_peripheral_with_lan" time="0.105"><failure message="AssertionError: Create LAN peripheral failed: Internal Server Error&#10;assert 500 == 200&#10; +  where 500 = &lt;Response [500]&gt;.status_code">backend/tests/test_new_features.py:284: in test_create_peripheral_with_lan
    assert response.status_code == 200, f"Create LAN peripheral failed: {response.text}"
E   AssertionError: Create LAN peripheral failed: Internal Server Error
E   assert 500 == 200
E    +  where 500 = &lt;Response [500]&gt;.status_code</failure></testcase><testcase classname="backend.tests.test_new_features.TestPeripherals" name="test_get_peripherals" time="0.109" /><testcase classname="backend.tests.test_new_features.TestPeripherals" name="test_delete_peripheral" time="0.000"><skipped type="pytest.skip" message="No peripheral created">/app/backend/tests/test_new_features.py:302: No peripheral created</skipped></testcase><testcase classname="backend.tests.test_new_features.TestHoldOrderBugFix" name="test_create_held_order" time="0.220" /><testcase classname="backend.tests.test_new_features.TestHoldOrderBugFix" name="test_update_held_order" time="0.218" /><testcase classname="backend.tests.test_new_features.TestHoldOrderBugFix" name="test_get_held_orders_list" time="0.107" /><testcase classname="backend.tests.test_new_features.TestPrinterModes" name="test_create_printer_with_mode" time="0.228" /><testcase classname="backend.tests.test_new_features.TestPrinterModes" name="test_create_usb_printer" time="0.223" /><testcase classname="backend.tests.test_new_features.TestPrinterModes" name="test_create_bluetooth_printer" time="0.229" /><testcase classname="backend.tests.test_new_features.TestUserPermissions" name="test_create_user_with_permissions" time="1.438" /><testcase classname="backend.tests.test_new_features.TestUserPermissions" name="test_update_user_permissions" time="0.160" /><testcase classname="backend.tests.test_new_features.TestUserPermissions" name="test_delete_test_user" time="0.117" /><testcase classname="backend.tests.test_new_features.TestReceiptSettings" name="test_update_receipt_settings" time="0.126" /><testcase classname="backend.tests.test_new_features.TestReceiptSettings" name="test_get_settings_with_receipt" time="0.116" /></testsuite></testsuites>