<?xml version="1.0" encoding="utf-8"?><testsuites name="pytest tests"><testsuite name="pytest" errors="0" failures="0" skipped="0" tests="22" time="5.036" timestamp="2026-04-06T15:19:53.481959+00:00" hostname="agent-env-120b8d36-9587-4d76-97fd-81cba4761d30"><testcase classname="backend.tests.test_api_endpoints.TestAuth" name="test_login_admin" time="0.417" /><testcase classname="backend.tests.test_api_endpoints.TestSuppliers" name="test_create_supplier" time="0.473" /><testcase classname="backend.tests.test_api_endpoints.TestSuppliers" name="test_get_suppliers" time="0.134" /><testcase classname="backend.tests.test_api_endpoints.TestSuppliers" name="test_update_supplier" time="0.101" /><testcase classname="backend.tests.test_api_endpoints.TestSuppliers" name="test_delete_supplier" time="0.117" /><testcase classname="backend.tests.test_api_endpoints.TestExpenses" name="test_create_expense" time="0.107" /><testcase classname="backend.tests.test_api_endpoints.TestExpenses" name="test_get_expenses" time="0.106" /><testcase classname="backend.tests.test_api_endpoints.TestExpenses" name="test_delete_expense" time="0.116" /><testcase classname="backend.tests.test_api_endpoints.TestAccountsSummary" name="test_get_accounts_summary" time="0.138" /><testcase classname="backend.tests.test_api_endpoints.TestAccountsSummary" name="test_accounts_summary_with_date_filter" time="0.169" /><testcase classname="backend.tests.test_api_endpoints.TestReports" name="test_get_sales_report" time="0.128" /><testcase classname="backend.tests.test_api_endpoints.TestReports" name="test_sales_report_with_date_filter" time="0.420" /><testcase classname="backend.tests.test_api_endpoints.TestUsers" name="test_create_user" time="1.284" /><testcase classname="backend.tests.test_api_endpoints.TestUsers" name="test_get_users" time="0.137" /><testcase classname="backend.tests.test_api_endpoints.TestUsers" name="test_update_user" time="0.109" /><testcase classname="backend.tests.test_api_endpoints.TestUsers" name="test_delete_user" time="0.120" /><testcase classname="backend.tests.test_api_endpoints.TestProducts" name="test_create_product_with_cost_markup" time="0.229" /><testcase classname="backend.tests.test_api_endpoints.TestProducts" name="test_get_products" time="0.145" /><testcase classname="backend.tests.test_api_endpoints.TestProducts" name="test_update_product_cost_markup" time="0.106" /><testcase classname="backend.tests.test_api_endpoints.TestProducts" name="test_delete_product" time="0.152" /><testcase classname="backend.tests.test_api_endpoints.TestSettings" name="test_get_settings" time="0.110" /><testcase classname="backend.tests.test_api_endpoints.TestSettings" name="test_update_company_settings" time="0.102" /></testsuite></testsuites>