<?xml version="1.0" encoding="utf-8"?><testsuites name="pytest tests"><testsuite name="pytest" errors="0" failures="0" skipped="0" tests="120" time="209.970" timestamp="2026-05-04T23:26:46.749379+00:00" hostname="agent-env-120b8d36-9587-4d76-97fd-81cba4761d30"><testcase classname="backend.tests.test_api_endpoints.TestAuth" name="test_login_admin" time="0.348" /><testcase classname="backend.tests.test_api_endpoints.TestSuppliers" name="test_create_supplier" time="0.434" /><testcase classname="backend.tests.test_api_endpoints.TestSuppliers" name="test_get_suppliers" time="0.125" /><testcase classname="backend.tests.test_api_endpoints.TestSuppliers" name="test_update_supplier" time="0.113" /><testcase classname="backend.tests.test_api_endpoints.TestSuppliers" name="test_delete_supplier" time="0.117" /><testcase classname="backend.tests.test_api_endpoints.TestExpenses" name="test_create_expense" time="0.132" /><testcase classname="backend.tests.test_api_endpoints.TestExpenses" name="test_get_expenses" time="0.107" /><testcase classname="backend.tests.test_api_endpoints.TestExpenses" name="test_delete_expense" time="0.107" /><testcase classname="backend.tests.test_api_endpoints.TestAccountsSummary" name="test_get_accounts_summary" time="0.149" /><testcase classname="backend.tests.test_api_endpoints.TestAccountsSummary" name="test_accounts_summary_with_date_filter" time="0.114" /><testcase classname="backend.tests.test_api_endpoints.TestReports" name="test_get_sales_report" time="0.108" /><testcase classname="backend.tests.test_api_endpoints.TestReports" name="test_sales_report_with_date_filter" time="0.117" /><testcase classname="backend.tests.test_api_endpoints.TestUsers" name="test_create_user" time="1.457" /><testcase classname="backend.tests.test_api_endpoints.TestUsers" name="test_get_users" time="0.152" /><testcase classname="backend.tests.test_api_endpoints.TestUsers" name="test_update_user" time="0.119" /><testcase classname="backend.tests.test_api_endpoints.TestUsers" name="test_delete_user" time="0.124" /><testcase classname="backend.tests.test_api_endpoints.TestProducts" name="test_create_product_with_cost_markup" time="0.221" /><testcase classname="backend.tests.test_api_endpoints.TestProducts" name="test_get_products" time="0.127" /><testcase classname="backend.tests.test_api_endpoints.TestProducts" name="test_update_product_cost_markup" time="0.104" /><testcase classname="backend.tests.test_api_endpoints.TestProducts" name="test_delete_product" time="0.120" /><testcase classname="backend.tests.test_api_endpoints.TestSettings" name="test_get_settings" time="0.112" /><testcase classname="backend.tests.test_api_endpoints.TestSettings" name="test_update_company_settings" time="0.108" /><testcase classname="backend.tests.test_business_type.TestSettingsAPI" name="test_get_settings_returns_business_type" time="0.483" /><testcase classname="backend.tests.test_business_type.TestSettingsAPI" name="test_update_business_type_to_supermarket" time="0.489" /><testcase classname="backend.tests.test_business_type.TestSettingsAPI" name="test_update_business_type_to_restaurant" time="0.426" /><testcase classname="backend.tests.test_business_type.TestSettingsAPI" name="test_update_business_type_to_cafe" time="0.446" /><testcase classname="backend.tests.test_business_type.TestSettingsAPI" name="test_update_business_type_to_bar" time="0.433" /><testcase classname="backend.tests.test_business_type.TestSettingsAPI" name="test_update_business_type_to_nightclub" time="0.450" /><testcase classname="backend.tests.test_business_type.TestSettingsAPI" name="test_update_business_type_to_retail" time="0.449" /><testcase classname="backend.tests.test_business_type.TestSettingsAPI" name="test_settings_update_requires_auth" time="0.432" /><testcase classname="backend.tests.test_business_type.TestSettingsAPI" name="test_settings_update_requires_admin_role" time="0.982" /><testcase classname="backend.tests.test_business_type.TestTableServiceTypes" name="test_restaurant_has_table_service" time="0.327" /><testcase classname="backend.tests.test_business_type.TestTableServiceTypes" name="test_cafe_has_table_service" time="0.325" /><testcase classname="backend.tests.test_business_type.TestTableServiceTypes" name="test_bar_has_table_service" time="0.336" /><testcase classname="backend.tests.test_business_type.TestTableServiceTypes" name="test_nightclub_has_table_service" time="0.340" /><testcase classname="backend.tests.test_business_type.TestTableServiceTypes" name="test_supermarket_no_table_service" time="0.388" /><testcase classname="backend.tests.test_business_type.TestTableServiceTypes" name="test_retail_no_table_service" time="0.324" /><testcase classname="backend.tests.test_business_type.TestCleanup" name="test_restore_restaurant_type" time="0.460" /><testcase classname="backend.tests.test_display_endpoints.TestDisplayEndpoints" name="test_get_display_current_default_terminal" time="0.116" /><testcase classname="backend.tests.test_display_endpoints.TestDisplayEndpoints" name="test_post_display_update_with_items" time="0.105" /><testcase classname="backend.tests.test_display_endpoints.TestDisplayEndpoints" name="test_get_display_current_after_update" time="0.235" /><testcase classname="backend.tests.test_display_endpoints.TestDisplayEndpoints" name="test_post_display_clear" time="0.110" /><testcase classname="backend.tests.test_display_endpoints.TestDisplayEndpoints" name="test_get_display_current_after_clear" time="0.289" /><testcase classname="backend.tests.test_display_endpoints.TestDisplayEndpoints" name="test_display_update_empty_cart" time="0.224" /><testcase classname="backend.tests.test_display_endpoints.TestDisplayEndpoints" name="test_display_multiple_terminals" time="0.454" /><testcase classname="backend.tests.test_display_endpoints.TestPrinterManagerCode" name="test_printer_manager_file_exists" time="0.000" /><testcase classname="backend.tests.test_display_endpoints.TestPrinterManagerCode" name="test_image_to_escpos_method_exists" time="0.000" /><testcase classname="backend.tests.test_display_endpoints.TestPrinterManagerCode" name="test_print_receipt_accepts_settings" time="0.000" /><testcase classname="backend.tests.test_display_endpoints.TestPrinterManagerCode" name="test_print_via_bluetooth_method_exists" time="0.000" /><testcase classname="backend.tests.test_new_features.TestRegistration" name="test_register_already_registered" time="0.188" /><testcase classname="backend.tests.test_new_features.TestFileUpload" name="test_upload_image" time="0.568" /><testcase classname="backend.tests.test_new_features.TestFileUpload" name="test_upload_invalid_file_type" time="0.123" /><testcase classname="backend.tests.test_new_features.TestEnhancedReports" name="test_cost_report" time="0.118" /><testcase classname="backend.tests.test_new_features.TestEnhancedReports" name="test_staff_report" time="0.133" /><testcase classname="backend.tests.test_new_features.TestEnhancedReports" name="test_payment_methods_report" time="0.158" /><testcase classname="backend.tests.test_new_features.TestEnhancedReports" name="test_sales_report" time="0.113" /><testcase classname="backend.tests.test_new_features.TestPurchaseOrders" name="test_get_suppliers_for_po" time="0.136" /><testcase classname="backend.tests.test_new_features.TestPurchaseOrders" name="test_create_purchase_order" time="0.229" /><testcase classname="backend.tests.test_new_features.TestPurchaseOrders" name="test_get_purchase_orders" time="0.121" /><testcase classname="backend.tests.test_new_features.TestPurchaseOrders" name="test_update_purchase_order_status" time="0.166" /><testcase classname="backend.tests.test_new_features.TestPurchaseOrders" name="test_mark_purchase_order_received" time="0.154" /><testcase classname="backend.tests.test_new_features.TestPurchaseOrders" name="test_delete_purchase_order" time="0.107" /><testcase classname="backend.tests.test_new_features.TestPeripherals" name="test_create_peripheral" time="0.115" /><testcase classname="backend.tests.test_new_features.TestPeripherals" name="test_create_peripheral_with_lan" time="0.116" /><testcase classname="backend.tests.test_new_features.TestPeripherals" name="test_get_peripherals" time="0.126" /><testcase classname="backend.tests.test_new_features.TestPeripherals" name="test_delete_peripheral" time="0.141" /><testcase classname="backend.tests.test_new_features.TestHoldOrderBugFix" name="test_create_held_order" time="0.235" /><testcase classname="backend.tests.test_new_features.TestHoldOrderBugFix" name="test_update_held_order" time="0.225" /><testcase classname="backend.tests.test_new_features.TestHoldOrderBugFix" name="test_get_held_orders_list" time="0.117" /><testcase classname="backend.tests.test_new_features.TestPrinterModes" name="test_create_printer_with_mode" time="0.221" /><testcase classname="backend.tests.test_new_features.TestPrinterModes" name="test_create_usb_printer" time="0.283" /><testcase classname="backend.tests.test_new_features.TestPrinterModes" name="test_create_bluetooth_printer" time="2.251" /><testcase classname="backend.tests.test_new_features.TestUserPermissions" name="test_create_user_with_permissions" time="1.466" /><testcase classname="backend.tests.test_new_features.TestUserPermissions" name="test_update_user_permissions" time="0.137" /><testcase classname="backend.tests.test_new_features.TestUserPermissions" name="test_delete_test_user" time="0.136" /><testcase classname="backend.tests.test_new_features.TestReceiptSettings" name="test_update_receipt_settings" time="0.109" /><testcase classname="backend.tests.test_new_features.TestReceiptSettings" name="test_get_settings_with_receipt" time="0.099" /><testcase classname="backend.tests.test_refactor_smoke.TestAuth" name="test_admin_login" time="0.347" /><testcase classname="backend.tests.test_refactor_smoke.TestAuth" name="test_cashier_login" time="0.711" /><testcase classname="backend.tests.test_refactor_smoke.TestAuth" name="test_waiter_login" time="0.780" /><testcase classname="backend.tests.test_refactor_smoke.TestAuth" name="test_invalid_pincode" time="1.231" /><testcase classname="backend.tests.test_refactor_smoke.TestSettings" name="test_get_settings" time="0.460" /><testcase classname="backend.tests.test_refactor_smoke.TestSettings" name="test_put_settings_admin" time="0.225" /><testcase classname="backend.tests.test_refactor_smoke.TestSettings" name="test_put_settings_requires_admin" time="0.666" /><testcase classname="backend.tests.test_refactor_smoke.TestUsers" name="test_get_users_admin" time="0.107" /><testcase classname="backend.tests.test_refactor_smoke.TestUsers" name="test_get_users_non_admin" time="0.117" /><testcase classname="backend.tests.test_refactor_smoke.TestUsers" name="test_create_user_admin" time="1.563" /><testcase classname="backend.tests.test_refactor_smoke.TestCoreCollections" name="test_get_products" time="0.109" /><testcase classname="backend.tests.test_refactor_smoke.TestCoreCollections" name="test_get_tables" time="0.103" /><testcase classname="backend.tests.test_refactor_smoke.TestCoreCollections" name="test_get_orders" time="0.112" /><testcase classname="backend.tests.test_refactor_smoke.TestCoreCollections" name="test_get_held_orders" time="0.108" /><testcase classname="backend.tests.test_refactor_smoke.TestPurchasing" name="test_get_suppliers_admin" time="0.112" /><testcase classname="backend.tests.test_refactor_smoke.TestPurchasing" name="test_get_purchase_orders" time="0.128" /><testcase classname="backend.tests.test_refactor_smoke.TestPurchasing" name="test_get_expenses" time="0.234" /><testcase classname="backend.tests.test_refactor_smoke.TestReports" name="test_accounts_summary" time="0.106" /><testcase classname="backend.tests.test_refactor_smoke.TestReports" name="test_sales_report" time="0.110" /><testcase classname="backend.tests.test_refactor_smoke.TestReports" name="test_cost_report" time="0.130" /><testcase classname="backend.tests.test_refactor_smoke.TestReports" name="test_staff_report" time="0.118" /><testcase classname="backend.tests.test_refactor_smoke.TestReports" name="test_payment_methods_report" time="0.116" /><testcase classname="backend.tests.test_refactor_smoke.TestReports" name="test_analytics_dashboard" time="0.118" /><testcase classname="backend.tests.test_refactor_smoke.TestDisplay" name="test_display_current" time="0.128" /><testcase classname="backend.tests.test_refactor_smoke.TestDisplay" name="test_display_update" time="0.121" /><testcase classname="backend.tests.test_refactor_smoke.TestMisc" name="test_peripherals" time="0.119" /><testcase classname="backend.tests.test_refactor_smoke.TestMisc" name="test_currencies" time="0.097" /><testcase classname="backend.tests.test_refactor_smoke.TestMisc" name="test_payment_types" time="0.126" /><testcase classname="backend.tests.test_refactor_smoke.TestMisc" name="test_printers_admin" time="0.108" /><testcase classname="backend.tests.test_refactor_smoke.TestMisc" name="test_printers_assigned" time="0.114" /><testcase classname="backend.tests.test_table_transfer.TestTableTransferFeature" name="test_get_waiters_returns_active_waiters_and_cashiers" time="2.089" /><testcase classname="backend.tests.test_table_transfer.TestTableTransferFeature" name="test_get_waiters_requires_authentication" time="2.003" /><testcase classname="backend.tests.test_table_transfer.TestTableTransferFeature" name="test_waiter_can_transfer_own_occupied_table" time="2.307" /><testcase classname="backend.tests.test_table_transfer.TestTableTransferFeature" name="test_admin_can_transfer_any_occupied_table" time="14.739" /><testcase classname="backend.tests.test_table_transfer.TestTableTransferFeature" name="test_transfer_rejects_non_occupied_table" time="13.479" /><testcase classname="backend.tests.test_table_transfer.TestTableTransferFeature" name="test_transfer_rejects_same_waiter" time="2.188" /><testcase classname="backend.tests.test_table_transfer.TestTableTransferFeature" name="test_transfer_rejects_unauthorized_waiter" time="57.638" /><testcase classname="backend.tests.test_table_transfer.TestTableTransferFeature" name="test_transfer_rejects_invalid_target_waiter" time="70.894" /><testcase classname="backend.tests.test_table_transfer.TestTableTransferFeature" name="test_transfer_rejects_non_waiter_target" time="2.253" /><testcase classname="backend.tests.test_table_transfer.TestTableTransferFeature" name="test_transfer_requires_authentication" time="2.121" /><testcase classname="backend.tests.test_table_transfer.TestTableTransferFeature" name="test_transfer_nonexistent_table" time="2.098" /><testcase classname="backend.tests.test_table_transfer.TestTableClaimAndRelease" name="test_waiter_can_claim_available_table" time="4.001" /><testcase classname="backend.tests.test_table_transfer.TestTableClaimAndRelease" name="test_waiter_can_release_own_table" time="4.055" /></testsuite></testsuites>