<?xml version="1.0" encoding="utf-8"?><testsuites name="pytest tests"><testsuite name="pytest" errors="0" failures="0" skipped="0" tests="11" time="1.753" timestamp="2026-04-14T11:53:43.088013+00:00" hostname="agent-env-120b8d36-9587-4d76-97fd-81cba4761d30"><testcase classname="backend.tests.test_display_endpoints.TestDisplayEndpoints" name="test_get_display_current_default_terminal" time="0.266" /><testcase classname="backend.tests.test_display_endpoints.TestDisplayEndpoints" name="test_post_display_update_with_items" time="0.109" /><testcase classname="backend.tests.test_display_endpoints.TestDisplayEndpoints" name="test_get_display_current_after_update" time="0.243" /><testcase classname="backend.tests.test_display_endpoints.TestDisplayEndpoints" name="test_post_display_clear" time="0.112" /><testcase classname="backend.tests.test_display_endpoints.TestDisplayEndpoints" name="test_get_display_current_after_clear" time="0.232" /><testcase classname="backend.tests.test_display_endpoints.TestDisplayEndpoints" name="test_display_update_empty_cart" time="0.204" /><testcase classname="backend.tests.test_display_endpoints.TestDisplayEndpoints" name="test_display_multiple_terminals" time="0.495" /><testcase classname="backend.tests.test_display_endpoints.TestPrinterManagerCode" name="test_printer_manager_file_exists" time="0.000" /><testcase classname="backend.tests.test_display_endpoints.TestPrinterManagerCode" name="test_image_to_escpos_method_exists" time="0.000" /><testcase classname="backend.tests.test_display_endpoints.TestPrinterManagerCode" name="test_print_receipt_accepts_settings" time="0.000" /><testcase classname="backend.tests.test_display_endpoints.TestPrinterManagerCode" name="test_print_via_bluetooth_method_exists" time="0.000" /></testsuite></testsuites>